15:55:14.554 [Worker-58] INFO  o.a.AndroidAnnotationProcessor:83 - Initialize AndroidAnnotations 3.3.2 with options {phase=BUILD}
15:55:14.693 [Worker-58] INFO  o.a.AndroidAnnotationProcessor:83 - Initialize AndroidAnnotations 3.3.2 with options {phase=BUILD}
15:59:49.684 [Worker-61] INFO  o.a.AndroidAnnotationProcessor:83 - Initialize AndroidAnnotations 3.3.2 with options {phase=BUILD}
15:59:54.487 [Worker-60] INFO  o.a.AndroidAnnotationProcessor:83 - Initialize AndroidAnnotations 3.3.2 with options {phase=BUILD}
16:00:31.116 [Worker-58] INFO  o.a.AndroidAnnotationProcessor:83 - Initialize AndroidAnnotations 3.3.2 with options {phase=BUILD}
16:00:31.117 [Worker-58] INFO  o.a.AndroidAnnotationProcessor:107 - Start processing for 2 annotations on 2 elements
16:00:31.120 [Worker-58] DEBUG o.a.h.AndroidManifestFinder:137 - AndroidManifest.xml file found in parent folder D:\WorkSpace_Eclipse\CommomAdapterTest: D:\WorkSpace_Eclipse\CommomAdapterTest\AndroidManifest.xml
16:00:31.121 [Worker-58] WARN  o.a.h.AndroidManifestFinder:252 - A class activity declared in the AndroidManifest.xml cannot be found in the compile path: [com.example.commomadapter.ListActivity]
16:00:31.122 [Worker-58] INFO  o.a.AndroidAnnotationProcessor:170 - AndroidManifest.xml found: AndroidManifest [applicationPackage=com.example.commomadaptertest, componentQualifiedNames=[com.example.commomadapter.MainActivity, com.example.commomadapter.RecyclerViewActivity, com.example.commomadapter.FeatureActivity], permissionQualifiedNames=[], applicationClassName=null, libraryProject=false, debugabble=false, minSdkVersion=14, maxSdkVersion=-1, targetSdkVersion=21]
16:00:31.123 [Worker-58] INFO  o.a.r.ProjectRClassFinder:50 - Found project R class: com.example.commomadaptertest.R
16:00:31.125 [Worker-58] INFO  o.a.r.AndroidRClassFinder:44 - Found Android class: android.R
16:00:31.135 [Worker-58] INFO  o.a.p.ModelValidator:42 - Validating elements
16:00:31.135 [Worker-58] DEBUG o.a.p.ModelValidator:62 - Validating with EBeanHandler: [com.example.commomadapter.utils.PersonAdapter]
16:00:31.136 [Worker-58] DEBUG o.a.p.ModelValidator:62 - Validating with RootContextHandler: [context]
16:00:31.143 [Worker-58] INFO  o.a.p.ModelProcessor:74 - Processing root elements
16:00:31.143 [Worker-58] DEBUG o.a.p.ModelProcessor:176 - Processing root elements EBeanHandler: [com.example.commomadapter.utils.PersonAdapter]
16:00:31.151 [Worker-58] INFO  o.a.p.ModelProcessor:86 - Processing enclosed elements
16:00:31.152 [Worker-58] INFO  o.a.AndroidAnnotationProcessor:249 - Number of files generated by AndroidAnnotations: 1
16:00:31.154 [Worker-58] INFO  o.a.g.ApiCodeGenerator:52 - Writting following API classes in project: []
16:00:31.155 [Worker-58] DEBUG o.a.g.SourceCodewriter:55 - Generating class: com.example.commomadapter.utils.PersonAdapter_
16:00:31.170 [Worker-58] INFO  o.a.p.TimeStats:81 - Time measurements: [Whole Processing = 53 ms], [Generate Sources = 18 ms], [Process Annotations = 15 ms], [Find R Classes = 6 ms], [Extract Manifest = 3 ms], [Validate Annotations = 3 ms], [Extract Annotations = 1 ms], 
16:00:31.170 [Worker-58] INFO  o.a.AndroidAnnotationProcessor:121 - Finish processing
16:01:21.890 [Worker-58] INFO  o.a.AndroidAnnotationProcessor:83 - Initialize AndroidAnnotations 3.3.2 with options {phase=BUILD}
16:01:29.424 [Worker-61] INFO  o.a.AndroidAnnotationProcessor:83 - Initialize AndroidAnnotations 3.3.2 with options {phase=BUILD}
16:01:33.979 [Worker-61] INFO  o.a.AndroidAnnotationProcessor:83 - Initialize AndroidAnnotations 3.3.2 with options {phase=BUILD}
16:02:32.187 [Worker-58] INFO  o.a.AndroidAnnotationProcessor:83 - Initialize AndroidAnnotations 3.3.2 with options {phase=BUILD}
16:02:32.188 [Worker-58] INFO  o.a.AndroidAnnotationProcessor:107 - Start processing for 2 annotations on 2 elements
16:02:32.190 [Worker-58] DEBUG o.a.h.AndroidManifestFinder:137 - AndroidManifest.xml file found in parent folder D:\WorkSpace_Eclipse\CommomAdapterTest: D:\WorkSpace_Eclipse\CommomAdapterTest\AndroidManifest.xml
16:02:32.191 [Worker-58] WARN  o.a.h.AndroidManifestFinder:252 - A class activity declared in the AndroidManifest.xml cannot be found in the compile path: [com.example.commomadapter.ListActivity]
16:02:32.191 [Worker-58] INFO  o.a.AndroidAnnotationProcessor:170 - AndroidManifest.xml found: AndroidManifest [applicationPackage=com.example.commomadaptertest, componentQualifiedNames=[com.example.commomadapter.MainActivity, com.example.commomadapter.RecyclerViewActivity, com.example.commomadapter.FeatureActivity], permissionQualifiedNames=[], applicationClassName=null, libraryProject=false, debugabble=false, minSdkVersion=14, maxSdkVersion=-1, targetSdkVersion=21]
16:02:32.192 [Worker-58] INFO  o.a.r.ProjectRClassFinder:50 - Found project R class: com.example.commomadaptertest.R
16:02:32.193 [Worker-58] INFO  o.a.r.AndroidRClassFinder:44 - Found Android class: android.R
16:02:32.202 [Worker-58] INFO  o.a.p.ModelValidator:42 - Validating elements
16:02:32.203 [Worker-58] DEBUG o.a.p.ModelValidator:62 - Validating with EBeanHandler: [com.example.commomadapter.utils.PersonAdapter]
16:02:32.203 [Worker-58] DEBUG o.a.p.ModelValidator:62 - Validating with RootContextHandler: [context]
16:02:32.204 [Worker-58] INFO  o.a.p.ModelProcessor:74 - Processing root elements
16:02:32.207 [Worker-58] DEBUG o.a.p.ModelProcessor:176 - Processing root elements EBeanHandler: [com.example.commomadapter.utils.PersonAdapter]
16:02:32.208 [Worker-58] INFO  o.a.p.ModelProcessor:86 - Processing enclosed elements
16:02:32.208 [Worker-58] INFO  o.a.AndroidAnnotationProcessor:249 - Number of files generated by AndroidAnnotations: 1
16:02:32.208 [Worker-58] INFO  o.a.g.ApiCodeGenerator:52 - Writting following API classes in project: []
16:02:32.208 [Worker-58] DEBUG o.a.g.SourceCodewriter:55 - Generating class: com.example.commomadapter.utils.PersonAdapter_
16:02:32.210 [Worker-58] INFO  o.a.p.TimeStats:81 - Time measurements: [Whole Processing = 22 ms], [Find R Classes = 10 ms], [Process Annotations = 4 ms], [Extract Manifest = 2 ms], [Validate Annotations = 2 ms], [Generate Sources = 2 ms], [Extract Annotations = 0 ms], 
16:02:32.210 [Worker-58] INFO  o.a.AndroidAnnotationProcessor:121 - Finish processing
16:02:35.827 [Worker-61] INFO  o.a.AndroidAnnotationProcessor:83 - Initialize AndroidAnnotations 3.3.2 with options {phase=BUILD}
16:02:35.841 [Worker-61] INFO  o.a.AndroidAnnotationProcessor:107 - Start processing for 2 annotations on 1 elements
16:02:35.842 [Worker-61] DEBUG o.a.h.AndroidManifestFinder:137 - AndroidManifest.xml file found in parent folder D:\WorkSpace_Eclipse\CommomAdapterTest: D:\WorkSpace_Eclipse\CommomAdapterTest\AndroidManifest.xml
16:02:35.844 [Worker-61] WARN  o.a.h.AndroidManifestFinder:252 - A class activity declared in the AndroidManifest.xml cannot be found in the compile path: [com.example.commomadapter.ListActivity]
16:02:35.845 [Worker-61] INFO  o.a.AndroidAnnotationProcessor:170 - AndroidManifest.xml found: AndroidManifest [applicationPackage=com.example.commomadaptertest, componentQualifiedNames=[com.example.commomadapter.MainActivity, com.example.commomadapter.RecyclerViewActivity, com.example.commomadapter.FeatureActivity], permissionQualifiedNames=[], applicationClassName=null, libraryProject=false, debugabble=false, minSdkVersion=14, maxSdkVersion=-1, targetSdkVersion=21]
16:02:35.846 [Worker-61] INFO  o.a.r.ProjectRClassFinder:50 - Found project R class: com.example.commomadaptertest.R
16:02:35.847 [Worker-61] INFO  o.a.r.AndroidRClassFinder:44 - Found Android class: android.R
16:02:35.851 [Worker-61] INFO  o.a.p.ModelValidator:42 - Validating elements
16:02:35.852 [Worker-61] DEBUG o.a.p.ModelValidator:62 - Validating with EBeanHandler: [com.example.commomadapter.utils.PersonAdapter]
16:02:35.852 [Worker-61] DEBUG o.a.p.ModelValidator:62 - Validating with RootContextHandler: [context]
16:02:35.853 [Worker-61] INFO  o.a.p.ModelProcessor:74 - Processing root elements
16:02:35.853 [Worker-61] DEBUG o.a.p.ModelProcessor:176 - Processing root elements EBeanHandler: [com.example.commomadapter.utils.PersonAdapter]
16:02:35.853 [Worker-61] INFO  o.a.p.ModelProcessor:86 - Processing enclosed elements
16:02:35.854 [Worker-61] INFO  o.a.AndroidAnnotationProcessor:249 - Number of files generated by AndroidAnnotations: 1
16:02:35.854 [Worker-61] INFO  o.a.g.ApiCodeGenerator:52 - Writting following API classes in project: []
16:02:35.854 [Worker-61] DEBUG o.a.g.SourceCodewriter:55 - Generating class: com.example.commomadapter.utils.PersonAdapter_
16:02:35.855 [Worker-61] INFO  o.a.p.TimeStats:81 - Time measurements: [Whole Processing = 14 ms], [Find R Classes = 6 ms], [Extract Manifest = 4 ms], [Process Annotations = 2 ms], [Validate Annotations = 1 ms], [Generate Sources = 1 ms], [Extract Annotations = 0 ms], 
16:02:35.855 [Worker-61] INFO  o.a.AndroidAnnotationProcessor:121 - Finish processing
16:04:28.107 [Worker-65] INFO  o.a.AndroidAnnotationProcessor:83 - Initialize AndroidAnnotations 3.3.2 with options {phase=BUILD}
16:06:09.928 [Worker-63] INFO  o.a.AndroidAnnotationProcessor:83 - Initialize AndroidAnnotations 3.3.2 with options {phase=BUILD}
16:06:39.213 [Worker-60] INFO  o.a.AndroidAnnotationProcessor:83 - Initialize AndroidAnnotations 3.3.2 with options {phase=BUILD}
16:06:59.56 [Worker-66] INFO  o.a.AndroidAnnotationProcessor:83 - Initialize AndroidAnnotations 3.3.2 with options {phase=BUILD}
16:06:59.57 [Worker-66] INFO  o.a.AndroidAnnotationProcessor:107 - Start processing for 2 annotations on 2 elements
16:06:59.58 [Worker-66] DEBUG o.a.h.AndroidManifestFinder:137 - AndroidManifest.xml file found in parent folder D:\WorkSpace_Eclipse\CommomAdapterTest: D:\WorkSpace_Eclipse\CommomAdapterTest\AndroidManifest.xml
16:06:59.58 [Worker-66] WARN  o.a.h.AndroidManifestFinder:252 - A class activity declared in the AndroidManifest.xml cannot be found in the compile path: [com.example.commomadapter.ListActivity]
16:06:59.59 [Worker-66] INFO  o.a.AndroidAnnotationProcessor:170 - AndroidManifest.xml found: AndroidManifest [applicationPackage=com.example.commomadaptertest, componentQualifiedNames=[com.example.commomadapter.MainActivity, com.example.commomadapter.RecyclerViewActivity, com.example.commomadapter.FeatureActivity], permissionQualifiedNames=[], applicationClassName=null, libraryProject=false, debugabble=false, minSdkVersion=14, maxSdkVersion=-1, targetSdkVersion=21]
16:06:59.59 [Worker-66] INFO  o.a.r.ProjectRClassFinder:50 - Found project R class: com.example.commomadaptertest.R
16:06:59.60 [Worker-66] INFO  o.a.r.AndroidRClassFinder:44 - Found Android class: android.R
16:06:59.63 [Worker-66] INFO  o.a.p.ModelValidator:42 - Validating elements
16:06:59.64 [Worker-66] DEBUG o.a.p.ModelValidator:62 - Validating with EViewGroupHandler: [com.example.commomadapter.utils.PersonItemView]
16:06:59.66 [Worker-66] DEBUG o.a.p.ModelValidator:62 - Validating with ViewByIdHandler: [lastNameView, firstNameView]
16:06:59.67 [Worker-66] INFO  o.a.p.ModelProcessor:74 - Processing root elements
16:06:59.68 [Worker-66] DEBUG o.a.p.ModelProcessor:176 - Processing root elements EViewGroupHandler: [com.example.commomadapter.utils.PersonItemView]
16:06:59.74 [Worker-66] INFO  o.a.p.ModelProcessor:86 - Processing enclosed elements
16:06:59.76 [Worker-66] INFO  o.a.AndroidAnnotationProcessor:249 - Number of files generated by AndroidAnnotations: 1
16:06:59.76 [Worker-66] INFO  o.a.g.ApiCodeGenerator:52 - Writting following API classes in project: []
16:06:59.76 [Worker-66] DEBUG o.a.g.SourceCodewriter:55 - Generating class: com.example.commomadapter.utils.PersonItemView_
16:06:59.78 [Worker-66] INFO  o.a.p.TimeStats:81 - Time measurements: [Whole Processing = 21 ms], [Process Annotations = 9 ms], [Find R Classes = 4 ms], [Validate Annotations = 4 ms], [Generate Sources = 2 ms], [Extract Manifest = 1 ms], [Extract Annotations = 0 ms], 
16:06:59.79 [Worker-66] INFO  o.a.AndroidAnnotationProcessor:121 - Finish processing
16:10:14.703 [Worker-67] INFO  o.a.AndroidAnnotationProcessor:83 - Initialize AndroidAnnotations 3.3.2 with options {phase=BUILD}
16:10:14.704 [Worker-67] INFO  o.a.AndroidAnnotationProcessor:107 - Start processing for 2 annotations on 1 elements
16:10:14.705 [Worker-67] DEBUG o.a.h.AndroidManifestFinder:137 - AndroidManifest.xml file found in parent folder D:\WorkSpace_Eclipse\CommomAdapterTest: D:\WorkSpace_Eclipse\CommomAdapterTest\AndroidManifest.xml
16:10:14.707 [Worker-67] WARN  o.a.h.AndroidManifestFinder:252 - A class activity declared in the AndroidManifest.xml cannot be found in the compile path: [com.example.commomadapter.ListActivity]
16:10:14.707 [Worker-67] INFO  o.a.AndroidAnnotationProcessor:170 - AndroidManifest.xml found: AndroidManifest [applicationPackage=com.example.commomadaptertest, componentQualifiedNames=[com.example.commomadapter.MainActivity, com.example.commomadapter.RecyclerViewActivity, com.example.commomadapter.FeatureActivity], permissionQualifiedNames=[], applicationClassName=null, libraryProject=false, debugabble=false, minSdkVersion=14, maxSdkVersion=-1, targetSdkVersion=21]
16:10:14.708 [Worker-67] INFO  o.a.r.ProjectRClassFinder:50 - Found project R class: com.example.commomadaptertest.R
16:10:14.709 [Worker-67] INFO  o.a.r.AndroidRClassFinder:44 - Found Android class: android.R
16:10:14.714 [Worker-67] INFO  o.a.p.ModelValidator:42 - Validating elements
16:10:14.715 [Worker-67] DEBUG o.a.p.ModelValidator:62 - Validating with EBeanHandler: [com.example.commomadapter.utils.PersonAdapter]
16:10:14.715 [Worker-67] DEBUG o.a.p.ModelValidator:62 - Validating with RootContextHandler: [context]
16:10:14.716 [Worker-67] INFO  o.a.p.ModelProcessor:74 - Processing root elements
16:10:14.716 [Worker-67] DEBUG o.a.p.ModelProcessor:176 - Processing root elements EBeanHandler: [com.example.commomadapter.utils.PersonAdapter]
16:10:14.717 [Worker-67] INFO  o.a.p.ModelProcessor:86 - Processing enclosed elements
16:10:14.717 [Worker-67] INFO  o.a.AndroidAnnotationProcessor:249 - Number of files generated by AndroidAnnotations: 1
16:10:14.718 [Worker-67] INFO  o.a.g.ApiCodeGenerator:52 - Writting following API classes in project: []
16:10:14.718 [Worker-67] DEBUG o.a.g.SourceCodewriter:55 - Generating class: com.example.commomadapter.utils.PersonAdapter_
16:10:14.719 [Worker-67] INFO  o.a.p.TimeStats:81 - Time measurements: [Whole Processing = 15 ms], [Find R Classes = 6 ms], [Extract Manifest = 2 ms], [Validate Annotations = 2 ms], [Generate Sources = 2 ms], [Process Annotations = 1 ms], [Extract Annotations = 0 ms], 
16:10:14.720 [Worker-67] INFO  o.a.AndroidAnnotationProcessor:121 - Finish processing
16:11:01.951 [Worker-60] INFO  o.a.AndroidAnnotationProcessor:83 - Initialize AndroidAnnotations 3.3.2 with options {phase=BUILD}
16:18:17.725 [Worker-71] INFO  o.a.AndroidAnnotationProcessor:83 - Initialize AndroidAnnotations 3.3.2 with options {phase=BUILD}
16:18:42.30 [Worker-73] INFO  o.a.AndroidAnnotationProcessor:83 - Initialize AndroidAnnotations 3.3.2 with options {phase=BUILD}
16:34:18.887 [Worker-75] INFO  o.a.AndroidAnnotationProcessor:83 - Initialize AndroidAnnotations 3.3.2 with options {phase=BUILD}
16:34:28.844 [Worker-78] INFO  o.a.AndroidAnnotationProcessor:83 - Initialize AndroidAnnotations 3.3.2 with options {phase=BUILD}
16:34:53.937 [Worker-77] INFO  o.a.AndroidAnnotationProcessor:83 - Initialize AndroidAnnotations 3.3.2 with options {phase=BUILD}
16:34:58.634 [Worker-75] INFO  o.a.AndroidAnnotationProcessor:83 - Initialize AndroidAnnotations 3.3.2 with options {phase=BUILD}
16:35:12.777 [Worker-79] INFO  o.a.AndroidAnnotationProcessor:83 - Initialize AndroidAnnotations 3.3.2 with options {phase=BUILD}
16:35:16.710 [Worker-80] INFO  o.a.AndroidAnnotationProcessor:83 - Initialize AndroidAnnotations 3.3.2 with options {phase=BUILD}
16:35:28.851 [Worker-80] INFO  o.a.AndroidAnnotationProcessor:83 - Initialize AndroidAnnotations 3.3.2 with options {phase=BUILD}
16:36:04.727 [Worker-78] INFO  o.a.AndroidAnnotationProcessor:83 - Initialize AndroidAnnotations 3.3.2 with options {phase=BUILD}
16:36:54.670 [Worker-78] INFO  o.a.AndroidAnnotationProcessor:83 - Initialize AndroidAnnotations 3.3.2 with options {phase=BUILD}
16:38:46.80 [Worker-76] INFO  o.a.AndroidAnnotationProcessor:83 - Initialize AndroidAnnotations 3.3.2 with options {phase=BUILD}
16:38:51.450 [Worker-80] INFO  o.a.AndroidAnnotationProcessor:83 - Initialize AndroidAnnotations 3.3.2 with options {phase=BUILD}
16:38:57.790 [Worker-80] INFO  o.a.AndroidAnnotationProcessor:83 - Initialize AndroidAnnotations 3.3.2 with options {phase=BUILD}
16:39:15.839 [Worker-75] INFO  o.a.AndroidAnnotationProcessor:83 - Initialize AndroidAnnotations 3.3.2 with options {phase=BUILD}
16:39:52.605 [Worker-76] INFO  o.a.AndroidAnnotationProcessor:83 - Initialize AndroidAnnotations 3.3.2 with options {phase=BUILD}
16:39:59.672 [Worker-80] INFO  o.a.AndroidAnnotationProcessor:83 - Initialize AndroidAnnotations 3.3.2 with options {phase=BUILD}
16:40:53.645 [Worker-80] INFO  o.a.AndroidAnnotationProcessor:83 - Initialize AndroidAnnotations 3.3.2 with options {phase=BUILD}
16:41:19.408 [Worker-76] INFO  o.a.AndroidAnnotationProcessor:83 - Initialize AndroidAnnotations 3.3.2 with options {phase=BUILD}
16:41:22.580 [Worker-76] INFO  o.a.AndroidAnnotationProcessor:83 - Initialize AndroidAnnotations 3.3.2 with options {phase=BUILD}
16:41:47.367 [Worker-75] INFO  o.a.AndroidAnnotationProcessor:83 - Initialize AndroidAnnotations 3.3.2 with options {phase=BUILD}
16:42:01.442 [Worker-77] INFO  o.a.AndroidAnnotationProcessor:83 - Initialize AndroidAnnotations 3.3.2 with options {phase=BUILD}
16:42:05.833 [Worker-78] INFO  o.a.AndroidAnnotationProcessor:83 - Initialize AndroidAnnotations 3.3.2 with options {phase=BUILD}
16:43:58.433 [Worker-78] INFO  o.a.AndroidAnnotationProcessor:83 - Initialize AndroidAnnotations 3.3.2 with options {phase=BUILD}
16:44:34.327 [Worker-76] INFO  o.a.AndroidAnnotationProcessor:83 - Initialize AndroidAnnotations 3.3.2 with options {phase=BUILD}
16:45:14.228 [Worker-76] INFO  o.a.AndroidAnnotationProcessor:83 - Initialize AndroidAnnotations 3.3.2 with options {phase=BUILD}
16:48:54.519 [Worker-78] INFO  o.a.AndroidAnnotationProcessor:83 - Initialize AndroidAnnotations 3.3.2 with options {phase=BUILD}
16:53:22.499 [Worker-83] INFO  o.a.AndroidAnnotationProcessor:83 - Initialize AndroidAnnotations 3.3.2 with options {phase=BUILD}
16:55:10.876 [Worker-85] INFO  o.a.AndroidAnnotationProcessor:83 - Initialize AndroidAnnotations 3.3.2 with options {phase=BUILD}
16:55:28.241 [Worker-85] INFO  o.a.AndroidAnnotationProcessor:83 - Initialize AndroidAnnotations 3.3.2 with options {phase=BUILD}
16:58:30.428 [Worker-87] INFO  o.a.AndroidAnnotationProcessor:83 - Initialize AndroidAnnotations 3.3.2 with options {phase=BUILD}
16:58:45.665 [Worker-83] INFO  o.a.AndroidAnnotationProcessor:83 - Initialize AndroidAnnotations 3.3.2 with options {phase=BUILD}
16:58:47.465 [Worker-83] INFO  o.a.AndroidAnnotationProcessor:83 - Initialize AndroidAnnotations 3.3.2 with options {phase=BUILD}
16:59:07.652 [Worker-78] INFO  o.a.AndroidAnnotationProcessor:83 - Initialize AndroidAnnotations 3.3.2 with options {phase=BUILD}
16:59:30.746 [Worker-83] INFO  o.a.AndroidAnnotationProcessor:83 - Initialize AndroidAnnotations 3.3.2 with options {phase=BUILD}
16:59:42.439 [Worker-83] INFO  o.a.AndroidAnnotationProcessor:83 - Initialize AndroidAnnotations 3.3.2 with options {phase=BUILD}
16:59:50.595 [Worker-83] INFO  o.a.AndroidAnnotationProcessor:83 - Initialize AndroidAnnotations 3.3.2 with options {phase=BUILD}
17:00:54.400 [Worker-76] INFO  o.a.AndroidAnnotationProcessor:83 - Initialize AndroidAnnotations 3.3.2 with options {phase=BUILD}
17:01:01.842 [Worker-78] INFO  o.a.AndroidAnnotationProcessor:83 - Initialize AndroidAnnotations 3.3.2 with options {phase=BUILD}
17:02:53.681 [Worker-91] INFO  o.a.AndroidAnnotationProcessor:83 - Initialize AndroidAnnotations 3.3.2 with options {phase=BUILD}
17:03:40.918 [Worker-90] INFO  o.a.AndroidAnnotationProcessor:83 - Initialize AndroidAnnotations 3.3.2 with options {phase=BUILD}
17:03:57.301 [Worker-92] INFO  o.a.AndroidAnnotationProcessor:83 - Initialize AndroidAnnotations 3.3.2 with options {phase=BUILD}
17:04:02.516 [Worker-90] INFO  o.a.AndroidAnnotationProcessor:83 - Initialize AndroidAnnotations 3.3.2 with options {phase=BUILD}
17:08:41.181 [Worker-83] INFO  o.a.AndroidAnnotationProcessor:83 - Initialize AndroidAnnotations 3.3.2 with options {phase=BUILD}
17:22:12.145 [Worker-97] INFO  o.a.AndroidAnnotationProcessor:83 - Initialize AndroidAnnotations 3.3.2 with options {phase=BUILD}
17:22:15.531 [Worker-97] INFO  o.a.AndroidAnnotationProcessor:83 - Initialize AndroidAnnotations 3.3.2 with options {phase=BUILD}
17:23:13.409 [Worker-98] INFO  o.a.AndroidAnnotationProcessor:83 - Initialize AndroidAnnotations 3.3.2 with options {phase=BUILD}
17:24:33.481 [Worker-98] INFO  o.a.AndroidAnnotationProcessor:83 - Initialize AndroidAnnotations 3.3.2 with options {phase=BUILD}
17:24:45.301 [Worker-93] INFO  o.a.AndroidAnnotationProcessor:83 - Initialize AndroidAnnotations 3.3.2 with options {phase=BUILD}
17:25:05.372 [Worker-99] INFO  o.a.AndroidAnnotationProcessor:83 - Initialize AndroidAnnotations 3.3.2 with options {phase=BUILD}
17:25:05.373 [Worker-99] INFO  o.a.AndroidAnnotationProcessor:107 - Start processing for 4 annotations on 21 elements
17:25:05.374 [Worker-99] DEBUG o.a.h.AndroidManifestFinder:137 - AndroidManifest.xml file found in parent folder D:\WorkSpace_Eclipse\CommomAdapterTest: D:\WorkSpace_Eclipse\CommomAdapterTest\AndroidManifest.xml
17:25:05.375 [Worker-99] WARN  o.a.h.AndroidManifestFinder:252 - A class activity declared in the AndroidManifest.xml cannot be found in the compile path: [com.example.commomadapter.ListActivity]
17:25:05.376 [Worker-99] INFO  o.a.AndroidAnnotationProcessor:170 - AndroidManifest.xml found: AndroidManifest [applicationPackage=com.example.commomadaptertest, componentQualifiedNames=[com.example.commomadapter.MainActivity, com.example.commomadapter.RecyclerViewActivity, com.example.commomadapter.FeatureActivity], permissionQualifiedNames=[], applicationClassName=null, libraryProject=false, debugabble=false, minSdkVersion=14, maxSdkVersion=-1, targetSdkVersion=21]
17:25:05.376 [Worker-99] INFO  o.a.r.ProjectRClassFinder:50 - Found project R class: com.example.commomadaptertest.R
17:25:05.377 [Worker-99] INFO  o.a.r.AndroidRClassFinder:44 - Found Android class: android.R
17:25:05.380 [Worker-99] INFO  o.a.p.ModelValidator:42 - Validating elements
17:25:05.380 [Worker-99] DEBUG o.a.p.ModelValidator:62 - Validating with EBeanHandler: [com.example.commomadapter.utils.PersonAdapter]
17:25:05.381 [Worker-99] DEBUG o.a.p.ModelValidator:62 - Validating with EViewGroupHandler: [com.example.commomadapter.utils.PersonItemView]
17:25:05.381 [Worker-99] DEBUG o.a.p.ModelValidator:62 - Validating with ViewByIdHandler: [firstNameView, lastNameView]
17:25:05.381 [Worker-99] DEBUG o.a.p.ModelValidator:62 - Validating with RootContextHandler: [context]
17:25:05.382 [Worker-99] INFO  o.a.p.ModelProcessor:74 - Processing root elements
17:25:05.382 [Worker-99] DEBUG o.a.p.ModelProcessor:176 - Processing root elements EBeanHandler: [com.example.commomadapter.utils.PersonAdapter]
17:25:05.382 [Worker-99] DEBUG o.a.p.ModelProcessor:176 - Processing root elements EViewGroupHandler: [com.example.commomadapter.utils.PersonItemView]
17:25:05.382 [Worker-99] INFO  o.a.p.ModelProcessor:86 - Processing enclosed elements
17:25:05.383 [Worker-99] INFO  o.a.AndroidAnnotationProcessor:249 - Number of files generated by AndroidAnnotations: 2
17:25:05.383 [Worker-99] INFO  o.a.g.ApiCodeGenerator:52 - Writting following API classes in project: []
17:25:05.383 [Worker-99] DEBUG o.a.g.SourceCodewriter:55 - Generating class: com.example.commomadapter.utils.PersonAdapter_
17:25:05.386 [Worker-99] DEBUG o.a.g.SourceCodewriter:55 - Generating class: com.example.commomadapter.utils.PersonItemView_
17:25:05.388 [Worker-99] INFO  o.a.p.TimeStats:81 - Time measurements: [Whole Processing = 15 ms], [Generate Sources = 6 ms], [Find R Classes = 4 ms], [Extract Manifest = 2 ms], [Validate Annotations = 2 ms], [Extract Annotations = 1 ms], [Process Annotations = 0 ms], 
17:25:05.388 [Worker-99] INFO  o.a.AndroidAnnotationProcessor:121 - Finish processing
17:25:42.934 [Worker-97] INFO  o.a.AndroidAnnotationProcessor:83 - Initialize AndroidAnnotations 3.3.2 with options {phase=BUILD}
17:26:01.952 [Worker-99] INFO  o.a.AndroidAnnotationProcessor:83 - Initialize AndroidAnnotations 3.3.2 with options {phase=BUILD}
17:26:31.496 [Worker-100] INFO  o.a.AndroidAnnotationProcessor:83 - Initialize AndroidAnnotations 3.3.2 with options {phase=BUILD}
17:26:38.646 [Worker-98] INFO  o.a.AndroidAnnotationProcessor:83 - Initialize AndroidAnnotations 3.3.2 with options {phase=BUILD}
17:26:51.165 [Worker-101] INFO  o.a.AndroidAnnotationProcessor:83 - Initialize AndroidAnnotations 3.3.2 with options {phase=BUILD}
17:27:33.808 [Worker-99] INFO  o.a.AndroidAnnotationProcessor:83 - Initialize AndroidAnnotations 3.3.2 with options {phase=BUILD}
17:27:41.880 [Worker-93] INFO  o.a.AndroidAnnotationProcessor:83 - Initialize AndroidAnnotations 3.3.2 with options {phase=BUILD}
17:28:43.302 [Worker-101] INFO  o.a.AndroidAnnotationProcessor:83 - Initialize AndroidAnnotations 3.3.2 with options {phase=BUILD}
17:31:08.623 [Worker-98] INFO  o.a.AndroidAnnotationProcessor:83 - Initialize AndroidAnnotations 3.3.2 with options {phase=BUILD}
17:31:57.2 [Worker-101] INFO  o.a.AndroidAnnotationProcessor:83 - Initialize AndroidAnnotations 3.3.2 with options {phase=BUILD}
17:32:11.680 [Worker-98] INFO  o.a.AndroidAnnotationProcessor:83 - Initialize AndroidAnnotations 3.3.2 with options {phase=BUILD}
17:32:51.178 [Worker-98] INFO  o.a.AndroidAnnotationProcessor:83 - Initialize AndroidAnnotations 3.3.2 with options {phase=BUILD}
17:32:55.757 [Worker-100] INFO  o.a.AndroidAnnotationProcessor:83 - Initialize AndroidAnnotations 3.3.2 with options {phase=BUILD}
17:33:04.24 [Worker-98] INFO  o.a.AndroidAnnotationProcessor:83 - Initialize AndroidAnnotations 3.3.2 with options {phase=BUILD}
17:33:11.980 [Worker-102] INFO  o.a.AndroidAnnotationProcessor:83 - Initialize AndroidAnnotations 3.3.2 with options {phase=BUILD}
17:33:53.468 [Worker-101] INFO  o.a.AndroidAnnotationProcessor:83 - Initialize AndroidAnnotations 3.3.2 with options {phase=BUILD}
17:34:04.482 [Worker-101] INFO  o.a.AndroidAnnotationProcessor:83 - Initialize AndroidAnnotations 3.3.2 with options {phase=BUILD}
17:34:12.512 [Worker-101] INFO  o.a.AndroidAnnotationProcessor:83 - Initialize AndroidAnnotations 3.3.2 with options {phase=BUILD}
17:34:34.613 [Worker-101] INFO  o.a.AndroidAnnotationProcessor:83 - Initialize AndroidAnnotations 3.3.2 with options {phase=BUILD}
17:34:43.466 [Worker-102] INFO  o.a.AndroidAnnotationProcessor:83 - Initialize AndroidAnnotations 3.3.2 with options {phase=BUILD}
17:35:34.987 [Worker-93] INFO  o.a.AndroidAnnotationProcessor:83 - Initialize AndroidAnnotations 3.3.2 with options {phase=BUILD}
17:36:24.991 [Worker-98] INFO  o.a.AndroidAnnotationProcessor:83 - Initialize AndroidAnnotations 3.3.2 with options {phase=BUILD}
17:36:29.747 [Worker-100] INFO  o.a.AndroidAnnotationProcessor:83 - Initialize AndroidAnnotations 3.3.2 with options {phase=BUILD}
17:36:32.46 [Worker-101] INFO  o.a.AndroidAnnotationProcessor:83 - Initialize AndroidAnnotations 3.3.2 with options {phase=BUILD}
17:45:39.215 [Worker-102] INFO  o.a.AndroidAnnotationProcessor:83 - Initialize AndroidAnnotations 3.3.2 with options {phase=BUILD}
17:45:48.3 [Worker-102] INFO  o.a.AndroidAnnotationProcessor:83 - Initialize AndroidAnnotations 3.3.2 with options {phase=BUILD}
17:45:53.718 [Worker-107] INFO  o.a.AndroidAnnotationProcessor:83 - Initialize AndroidAnnotations 3.3.2 with options {phase=BUILD}
17:46:38.768 [Worker-93] INFO  o.a.AndroidAnnotationProcessor:83 - Initialize AndroidAnnotations 3.3.2 with options {phase=BUILD}
17:47:38.835 [Worker-104] INFO  o.a.AndroidAnnotationProcessor:83 - Initialize AndroidAnnotations 3.3.2 with options {phase=BUILD}
17:47:50.881 [Worker-106] INFO  o.a.AndroidAnnotationProcessor:83 - Initialize AndroidAnnotations 3.3.2 with options {phase=BUILD}
17:48:19.857 [Worker-109] INFO  o.a.AndroidAnnotationProcessor:83 - Initialize AndroidAnnotations 3.3.2 with options {phase=BUILD}
17:48:51.948 [Worker-109] INFO  o.a.AndroidAnnotationProcessor:83 - Initialize AndroidAnnotations 3.3.2 with options {phase=BUILD}
17:49:01.862 [Worker-104] INFO  o.a.AndroidAnnotationProcessor:83 - Initialize AndroidAnnotations 3.3.2 with options {phase=BUILD}
17:49:21.660 [Worker-109] INFO  o.a.AndroidAnnotationProcessor:83 - Initialize AndroidAnnotations 3.3.2 with options {phase=BUILD}
17:49:39.241 [Worker-107] INFO  o.a.AndroidAnnotationProcessor:83 - Initialize AndroidAnnotations 3.3.2 with options {phase=BUILD}
17:50:33.422 [Worker-107] INFO  o.a.AndroidAnnotationProcessor:83 - Initialize AndroidAnnotations 3.3.2 with options {phase=BUILD}
17:50:57.891 [Worker-102] INFO  o.a.AndroidAnnotationProcessor:83 - Initialize AndroidAnnotations 3.3.2 with options {phase=BUILD}
17:51:19.290 [Worker-93] INFO  o.a.AndroidAnnotationProcessor:83 - Initialize AndroidAnnotations 3.3.2 with options {phase=BUILD}
17:51:21.515 [Worker-106] INFO  o.a.AndroidAnnotationProcessor:83 - Initialize AndroidAnnotations 3.3.2 with options {phase=BUILD}
17:52:18.872 [Worker-107] INFO  o.a.AndroidAnnotationProcessor:83 - Initialize AndroidAnnotations 3.3.2 with options {phase=BUILD}
17:52:18.873 [Worker-107] INFO  o.a.AndroidAnnotationProcessor:107 - Start processing for 1 annotations on 1 elements
17:52:18.873 [Worker-107] DEBUG o.a.h.AndroidManifestFinder:137 - AndroidManifest.xml file found in parent folder D:\WorkSpace_Eclipse\CommomAdapterTest: D:\WorkSpace_Eclipse\CommomAdapterTest\AndroidManifest.xml
17:52:18.874 [Worker-107] WARN  o.a.h.AndroidManifestFinder:252 - A class activity declared in the AndroidManifest.xml cannot be found in the compile path: [com.example.commomadapter.ListActivity]
17:52:18.874 [Worker-107] INFO  o.a.AndroidAnnotationProcessor:170 - AndroidManifest.xml found: AndroidManifest [applicationPackage=com.example.commomadaptertest, componentQualifiedNames=[com.example.commomadapter.MainActivity, com.example.commomadapter.RecyclerViewActivity, com.example.commomadapter.FeatureActivity], permissionQualifiedNames=[], applicationClassName=null, libraryProject=false, debugabble=false, minSdkVersion=14, maxSdkVersion=-1, targetSdkVersion=21]
17:52:18.875 [Worker-107] INFO  o.a.r.ProjectRClassFinder:50 - Found project R class: com.example.commomadaptertest.R
17:52:18.876 [Worker-107] INFO  o.a.r.AndroidRClassFinder:44 - Found Android class: android.R
17:52:18.879 [Worker-107] INFO  o.a.p.ModelValidator:42 - Validating elements
17:52:18.880 [Worker-107] DEBUG o.a.p.ModelValidator:62 - Validating with ItemClickHandler: [mRecyclerView]
17:52:18.882 [Worker-107] ERROR o.a.h.AnnotationHelper:128 - Resource name not found in R.id: mRecyclerView
17:52:18.884 [Worker-107] ERROR o.a.AndroidAnnotationProcessor:267 - Something went wrong: Unexpected error in AndroidAnnotations 3.3.2!
You should check if there is already an issue about it on https://github.com/excilys/androidannotations/search?q=java.lang.ClassCastException&type=Issues
If none exists, please open a new one with the following content and tell us if you can reproduce it or not. Don't forget to give us as much information as you can (like parts of your code in failure).
Java version: unknown
Javac processors options: phase=BUILD
Stacktrace: java.lang.ClassCastException: org.eclipse.jdt.internal.compiler.apt.model.VariableElementImpl cannot be cast to javax.lang.model.element.ExecutableElement
	at org.androidannotations.helper.ValidatorHelper.doesntThrowException(ValidatorHelper.java:430)
	at org.androidannotations.handler.AbstractListenerHandler.validate(AbstractListenerHandler.java:71)
	at org.androidannotations.handler.AbstractViewListenerHandler.validate(AbstractViewListenerHandler.java:47)
	at org.androidannotations.handler.ItemClickHandler.validate(ItemClickHandler.java:54)
	at org.androidannotations.handler.BaseAnnotationHandler.validate(BaseAnnotationHandler.java:114)
	at org.androidannotations.process.ModelValidator.validateThrowing(ModelValidator.java:79)
	at org.androidannotations.process.ModelValidator.validate(ModelValidator.java:66)
	at org.androidannotations.AndroidAnnotationProcessor.validateAnnotations(AndroidAnnotationProcessor.java:233)
	at org.androidannotations.AndroidAnnotationProcessor.processThrowing(AndroidAnnotationProcessor.java:182)
	at org.androidannotations.AndroidAnnotationProcessor.process(AndroidAnnotationProcessor.java:112)
	at org.eclipse.jdt.internal.compiler.apt.dispatch.RoundDispatcher.handleProcessor(RoundDispatcher.java:139)
	at org.eclipse.jdt.internal.compiler.apt.dispatch.RoundDispatcher.round(RoundDispatcher.java:121)
	at org.eclipse.jdt.internal.compiler.apt.dispatch.BaseAnnotationProcessorManager.processAnnotations(BaseAnnotationProcessorManager.java:159)
	at org.eclipse.jdt.internal.apt.pluggable.core.dispatch.IdeAnnotationProcessorManager.processAnnotations(IdeAnnotationProcessorManager.java:134)
	at org.eclipse.jdt.internal.compiler.Compiler.processAnnotations(Compiler.java:820)
	at org.eclipse.jdt.internal.compiler.Compiler.compile(Compiler.java:434)
	at org.eclipse.jdt.internal.core.builder.AbstractImageBuilder.compile(AbstractImageBuilder.java:365)
	at org.eclipse.jdt.internal.core.builder.IncrementalImageBuilder.compile(IncrementalImageBuilder.java:329)
	at org.eclipse.jdt.internal.core.builder.AbstractImageBuilder.compile(AbstractImageBuilder.java:302)
	at org.eclipse.jdt.internal.core.builder.IncrementalImageBuilder.build(IncrementalImageBuilder.java:134)
	at org.eclipse.jdt.internal.core.builder.JavaBuilder.buildDeltas(JavaBuilder.java:265)
	at org.eclipse.jdt.internal.core.builder.JavaBuilder.build(JavaBuilder.java:193)
	at org.eclipse.core.internal.events.BuildManager$2.run(BuildManager.java:726)
	at org.eclipse.core.runtime.SafeRunner.run(SafeRunner.java:42)
	at org.eclipse.core.internal.events.BuildManager.basicBuild(BuildManager.java:199)
	at org.eclipse.core.internal.events.BuildManager.basicBuild(BuildManager.java:239)
	at org.eclipse.core.internal.events.BuildManager$1.run(BuildManager.java:292)
	at org.eclipse.core.runtime.SafeRunner.run(SafeRunner.java:42)
	at org.eclipse.core.internal.events.BuildManager.basicBuild(BuildManager.java:295)
	at org.eclipse.core.internal.events.BuildManager.basicBuildLoop(BuildManager.java:351)
	at org.eclipse.core.internal.events.BuildManager.build(BuildManager.java:374)
	at org.eclipse.core.internal.events.AutoBuildJob.doBuild(AutoBuildJob.java:143)
	at org.eclipse.core.internal.events.AutoBuildJob.run(AutoBuildJob.java:241)
	at org.eclipse.core.internal.jobs.Worker.run(Worker.java:53)
Thrown from: com.example.commomadapter.RecyclerViewActivity
Element (VariableElementImpl): mRecyclerView


17:52:18.884 [Worker-107] INFO  o.a.p.TimeStats:81 - Time measurements: [Whole Processing = 11 ms], [Find R Classes = 4 ms], [Extract Manifest = 1 ms], [Extract Annotations = 0 ms], 
17:52:18.885 [Worker-107] INFO  o.a.AndroidAnnotationProcessor:121 - Finish processing
17:52:32.939 [Worker-106] INFO  o.a.AndroidAnnotationProcessor:83 - Initialize AndroidAnnotations 3.3.2 with options {phase=BUILD}
17:55:46.770 [Worker-108] INFO  o.a.AndroidAnnotationProcessor:83 - Initialize AndroidAnnotations 3.3.2 with options {phase=BUILD}
17:55:46.771 [Worker-108] INFO  o.a.AndroidAnnotationProcessor:107 - Start processing for 1 annotations on 1 elements
17:55:46.772 [Worker-108] DEBUG o.a.h.AndroidManifestFinder:137 - AndroidManifest.xml file found in parent folder D:\WorkSpace_Eclipse\CommomAdapterTest: D:\WorkSpace_Eclipse\CommomAdapterTest\AndroidManifest.xml
17:55:46.772 [Worker-108] WARN  o.a.h.AndroidManifestFinder:252 - A class activity declared in the AndroidManifest.xml cannot be found in the compile path: [com.example.commomadapter.ListActivity]
17:55:46.773 [Worker-108] INFO  o.a.AndroidAnnotationProcessor:170 - AndroidManifest.xml found: AndroidManifest [applicationPackage=com.example.commomadaptertest, componentQualifiedNames=[com.example.commomadapter.MainActivity, com.example.commomadapter.RecyclerViewActivity, com.example.commomadapter.FeatureActivity], permissionQualifiedNames=[], applicationClassName=null, libraryProject=false, debugabble=false, minSdkVersion=14, maxSdkVersion=-1, targetSdkVersion=21]
17:55:46.773 [Worker-108] INFO  o.a.r.ProjectRClassFinder:50 - Found project R class: com.example.commomadaptertest.R
17:55:46.774 [Worker-108] INFO  o.a.r.AndroidRClassFinder:44 - Found Android class: android.R
17:55:46.777 [Worker-108] INFO  o.a.p.ModelValidator:42 - Validating elements
17:55:46.778 [Worker-108] DEBUG o.a.p.ModelValidator:62 - Validating with ItemClickHandler: [private void init() ]
17:55:46.778 [Worker-108] ERROR o.a.h.AnnotationHelper:128 - @org.androidannotations.annotations.ItemClick cannot be used on a private element
17:55:46.779 [Worker-108] ERROR o.a.h.AnnotationHelper:128 - @org.androidannotations.annotations.ItemClick can only be used in a class annotated with @org.androidannotations.annotations.EActivity, @org.androidannotations.annotations.EViewGroup, @org.androidannotations.annotations.EView, @org.androidannotations.annotations.EBean, @org.androidannotations.annotations.EFragment.
17:55:46.779 [Worker-108] WARN  o.a.p.ModelValidator:69 - Element ItemClickHandler unvalidated by 
17:55:46.779 [Worker-108] INFO  o.a.p.ModelProcessor:74 - Processing root elements
17:55:46.779 [Worker-108] INFO  o.a.p.ModelProcessor:86 - Processing enclosed elements
17:55:46.780 [Worker-108] INFO  o.a.AndroidAnnotationProcessor:249 - Number of files generated by AndroidAnnotations: 0
17:55:46.780 [Worker-108] INFO  o.a.g.ApiCodeGenerator:52 - Writting following API classes in project: []
17:55:46.780 [Worker-108] INFO  o.a.p.TimeStats:81 - Time measurements: [Whole Processing = 9 ms], [Find R Classes = 4 ms], [Extract Manifest = 2 ms], [Validate Annotations = 2 ms], [Process Annotations = 1 ms], [Extract Annotations = 0 ms], [Generate Sources = 0 ms], 
17:55:46.780 [Worker-108] INFO  o.a.AndroidAnnotationProcessor:121 - Finish processing
17:55:58.414 [Worker-108] INFO  o.a.AndroidAnnotationProcessor:83 - Initialize AndroidAnnotations 3.3.2 with options {phase=BUILD}
17:55:58.415 [Worker-108] INFO  o.a.AndroidAnnotationProcessor:107 - Start processing for 1 annotations on 2 elements
17:55:58.416 [Worker-108] DEBUG o.a.h.AndroidManifestFinder:137 - AndroidManifest.xml file found in parent folder D:\WorkSpace_Eclipse\CommomAdapterTest: D:\WorkSpace_Eclipse\CommomAdapterTest\AndroidManifest.xml
17:55:58.416 [Worker-108] WARN  o.a.h.AndroidManifestFinder:252 - A class activity declared in the AndroidManifest.xml cannot be found in the compile path: [com.example.commomadapter.ListActivity]
17:55:58.417 [Worker-108] INFO  o.a.AndroidAnnotationProcessor:170 - AndroidManifest.xml found: AndroidManifest [applicationPackage=com.example.commomadaptertest, componentQualifiedNames=[com.example.commomadapter.MainActivity, com.example.commomadapter.RecyclerViewActivity, com.example.commomadapter.FeatureActivity], permissionQualifiedNames=[], applicationClassName=null, libraryProject=false, debugabble=false, minSdkVersion=14, maxSdkVersion=-1, targetSdkVersion=21]
17:55:58.417 [Worker-108] INFO  o.a.r.ProjectRClassFinder:50 - Found project R class: com.example.commomadaptertest.R
17:55:58.418 [Worker-108] INFO  o.a.r.AndroidRClassFinder:44 - Found Android class: android.R
17:55:58.421 [Worker-108] INFO  o.a.p.ModelValidator:42 - Validating elements
17:55:58.422 [Worker-108] DEBUG o.a.p.ModelValidator:62 - Validating with ItemClickHandler: [void onItemClick() ]
17:55:58.422 [Worker-108] ERROR o.a.h.AnnotationHelper:128 - @org.androidannotations.annotations.ItemClick can only be used in a class annotated with @org.androidannotations.annotations.EActivity, @org.androidannotations.annotations.EViewGroup, @org.androidannotations.annotations.EView, @org.androidannotations.annotations.EBean, @org.androidannotations.annotations.EFragment.
17:55:58.422 [Worker-108] WARN  o.a.p.ModelValidator:69 - Element ItemClickHandler unvalidated by 
17:55:58.422 [Worker-108] INFO  o.a.p.ModelProcessor:74 - Processing root elements
17:55:58.423 [Worker-108] INFO  o.a.p.ModelProcessor:86 - Processing enclosed elements
17:55:58.423 [Worker-108] INFO  o.a.AndroidAnnotationProcessor:249 - Number of files generated by AndroidAnnotations: 0
17:55:58.423 [Worker-108] INFO  o.a.g.ApiCodeGenerator:52 - Writting following API classes in project: []
17:55:58.423 [Worker-108] INFO  o.a.p.TimeStats:81 - Time measurements: [Whole Processing = 8 ms], [Find R Classes = 4 ms], [Extract Manifest = 2 ms], [Validate Annotations = 1 ms], [Process Annotations = 1 ms], [Extract Annotations = 0 ms], [Generate Sources = 0 ms], 
17:55:58.423 [Worker-108] INFO  o.a.AndroidAnnotationProcessor:121 - Finish processing
17:56:20.208 [Worker-109] INFO  o.a.AndroidAnnotationProcessor:83 - Initialize AndroidAnnotations 3.3.2 with options {phase=BUILD}
17:56:20.209 [Worker-109] INFO  o.a.AndroidAnnotationProcessor:107 - Start processing for 2 annotations on 2 elements
17:56:20.209 [Worker-109] DEBUG o.a.h.AndroidManifestFinder:137 - AndroidManifest.xml file found in parent folder D:\WorkSpace_Eclipse\CommomAdapterTest: D:\WorkSpace_Eclipse\CommomAdapterTest\AndroidManifest.xml
17:56:20.210 [Worker-109] WARN  o.a.h.AndroidManifestFinder:252 - A class activity declared in the AndroidManifest.xml cannot be found in the compile path: [com.example.commomadapter.ListActivity]
17:56:20.211 [Worker-109] INFO  o.a.AndroidAnnotationProcessor:170 - AndroidManifest.xml found: AndroidManifest [applicationPackage=com.example.commomadaptertest, componentQualifiedNames=[com.example.commomadapter.MainActivity, com.example.commomadapter.RecyclerViewActivity, com.example.commomadapter.FeatureActivity], permissionQualifiedNames=[], applicationClassName=null, libraryProject=false, debugabble=false, minSdkVersion=14, maxSdkVersion=-1, targetSdkVersion=21]
17:56:20.211 [Worker-109] INFO  o.a.r.ProjectRClassFinder:50 - Found project R class: com.example.commomadaptertest.R
17:56:20.211 [Worker-109] INFO  o.a.r.AndroidRClassFinder:44 - Found Android class: android.R
17:56:20.215 [Worker-109] INFO  o.a.p.ModelValidator:42 - Validating elements
17:56:20.216 [Worker-109] DEBUG o.a.p.ModelValidator:62 - Validating with EActivityHandler: [com.example.commomadapter.RecyclerViewActivity]
17:56:20.217 [Worker-109] ERROR o.a.h.AnnotationHelper:128 - The AndroidManifest.xml file contains the original component, and not the AndroidAnnotations generated component. Please register RecyclerViewActivity_ instead of RecyclerViewActivity
17:56:20.218 [Worker-109] WARN  o.a.p.ModelValidator:69 - Element EActivityHandler unvalidated by 
17:56:20.218 [Worker-109] DEBUG o.a.p.ModelValidator:62 - Validating with ItemClickHandler: [void onItemClick() ]
17:56:20.218 [Worker-109] INFO  o.a.p.ModelProcessor:74 - Processing root elements
17:56:20.219 [Worker-109] INFO  o.a.p.ModelProcessor:86 - Processing enclosed elements
17:56:20.219 [Worker-109] INFO  o.a.AndroidAnnotationProcessor:249 - Number of files generated by AndroidAnnotations: 0
17:56:20.219 [Worker-109] INFO  o.a.g.ApiCodeGenerator:52 - Writting following API classes in project: []
17:56:20.219 [Worker-109] INFO  o.a.p.TimeStats:81 - Time measurements: [Whole Processing = 11 ms], [Find R Classes = 4 ms], [Validate Annotations = 3 ms], [Extract Manifest = 2 ms], [Process Annotations = 1 ms], [Extract Annotations = 0 ms], [Generate Sources = 0 ms], 
17:56:20.220 [Worker-109] INFO  o.a.AndroidAnnotationProcessor:121 - Finish processing
17:57:04.402 [Worker-110] INFO  o.a.AndroidAnnotationProcessor:83 - Initialize AndroidAnnotations 3.3.2 with options {phase=BUILD}
17:57:10.624 [Worker-109] INFO  o.a.AndroidAnnotationProcessor:83 - Initialize AndroidAnnotations 3.3.2 with options {phase=BUILD}
17:57:10.625 [Worker-109] INFO  o.a.AndroidAnnotationProcessor:107 - Start processing for 6 annotations on 21 elements
17:57:10.626 [Worker-109] DEBUG o.a.h.AndroidManifestFinder:137 - AndroidManifest.xml file found in parent folder D:\WorkSpace_Eclipse\CommomAdapterTest: D:\WorkSpace_Eclipse\CommomAdapterTest\AndroidManifest.xml
17:57:10.626 [Worker-109] WARN  o.a.h.AndroidManifestFinder:252 - A class activity declared in the AndroidManifest.xml cannot be found in the compile path: [com.example.commomadapter.ListActivity]
17:57:10.626 [Worker-109] INFO  o.a.AndroidAnnotationProcessor:170 - AndroidManifest.xml found: AndroidManifest [applicationPackage=com.example.commomadaptertest, componentQualifiedNames=[com.example.commomadapter.MainActivity, com.example.commomadapter.RecyclerViewActivity_, com.example.commomadapter.FeatureActivity], permissionQualifiedNames=[], applicationClassName=null, libraryProject=false, debugabble=false, minSdkVersion=14, maxSdkVersion=-1, targetSdkVersion=21]
17:57:10.628 [Worker-109] INFO  o.a.r.ProjectRClassFinder:50 - Found project R class: com.example.commomadaptertest.R
17:57:10.628 [Worker-109] INFO  o.a.r.AndroidRClassFinder:44 - Found Android class: android.R
17:57:10.633 [Worker-109] INFO  o.a.p.ModelValidator:42 - Validating elements
17:57:10.633 [Worker-109] DEBUG o.a.p.ModelValidator:62 - Validating with EActivityHandler: [com.example.commomadapter.RecyclerViewActivity]
17:57:10.634 [Worker-109] DEBUG o.a.p.ModelValidator:62 - Validating with EBeanHandler: [com.example.commomadapter.utils.PersonAdapter]
17:57:10.634 [Worker-109] DEBUG o.a.p.ModelValidator:62 - Validating with EViewGroupHandler: [com.example.commomadapter.utils.PersonItemView]
17:57:10.635 [Worker-109] DEBUG o.a.p.ModelValidator:62 - Validating with ViewByIdHandler: [firstNameView, lastNameView]
17:57:10.636 [Worker-109] DEBUG o.a.p.ModelValidator:62 - Validating with ItemClickHandler: [void onItemClick() ]
17:57:10.636 [Worker-109] DEBUG o.a.p.ModelValidator:62 - Validating with RootContextHandler: [context]
17:57:10.636 [Worker-109] INFO  o.a.p.ModelProcessor:74 - Processing root elements
17:57:10.637 [Worker-109] DEBUG o.a.p.ModelProcessor:176 - Processing root elements EActivityHandler: [com.example.commomadapter.RecyclerViewActivity]
17:57:10.656 [Worker-109] DEBUG o.a.p.ModelProcessor:176 - Processing root elements EBeanHandler: [com.example.commomadapter.utils.PersonAdapter]
17:57:10.657 [Worker-109] DEBUG o.a.p.ModelProcessor:176 - Processing root elements EViewGroupHandler: [com.example.commomadapter.utils.PersonItemView]
17:57:10.658 [Worker-109] INFO  o.a.p.ModelProcessor:86 - Processing enclosed elements
17:57:10.659 [Worker-109] INFO  o.a.AndroidAnnotationProcessor:249 - Number of files generated by AndroidAnnotations: 3
17:57:10.659 [Worker-109] INFO  o.a.g.ApiCodeGenerator:52 - Writting following API classes in project: []
17:57:10.659 [Worker-109] DEBUG o.a.g.SourceCodewriter:55 - Generating class: com.example.commomadapter.utils.PersonAdapter_
17:57:10.661 [Worker-109] DEBUG o.a.g.SourceCodewriter:55 - Generating class: com.example.commomadapter.utils.PersonItemView_
17:57:10.663 [Worker-109] DEBUG o.a.g.SourceCodewriter:55 - Generating class: com.example.commomadapter.RecyclerViewActivity_
17:57:10.665 [Worker-109] INFO  o.a.p.TimeStats:81 - Time measurements: [Whole Processing = 40 ms], [Process Annotations = 23 ms], [Generate Sources = 6 ms], [Find R Classes = 5 ms], [Validate Annotations = 3 ms], [Extract Annotations = 1 ms], [Extract Manifest = 0 ms], 
17:57:10.666 [Worker-109] INFO  o.a.AndroidAnnotationProcessor:121 - Finish processing
17:57:23.364 [Worker-93] INFO  o.a.AndroidAnnotationProcessor:83 - Initialize AndroidAnnotations 3.3.2 with options {phase=BUILD}
17:57:23.365 [Worker-93] INFO  o.a.AndroidAnnotationProcessor:107 - Start processing for 2 annotations on 2 elements
17:57:23.365 [Worker-93] DEBUG o.a.h.AndroidManifestFinder:137 - AndroidManifest.xml file found in parent folder D:\WorkSpace_Eclipse\CommomAdapterTest: D:\WorkSpace_Eclipse\CommomAdapterTest\AndroidManifest.xml
17:57:23.366 [Worker-93] WARN  o.a.h.AndroidManifestFinder:252 - A class activity declared in the AndroidManifest.xml cannot be found in the compile path: [com.example.commomadapter.ListActivity]
17:57:23.366 [Worker-93] INFO  o.a.AndroidAnnotationProcessor:170 - AndroidManifest.xml found: AndroidManifest [applicationPackage=com.example.commomadaptertest, componentQualifiedNames=[com.example.commomadapter.MainActivity, com.example.commomadapter.RecyclerViewActivity_, com.example.commomadapter.FeatureActivity], permissionQualifiedNames=[], applicationClassName=null, libraryProject=false, debugabble=false, minSdkVersion=14, maxSdkVersion=-1, targetSdkVersion=21]
17:57:23.367 [Worker-93] INFO  o.a.r.ProjectRClassFinder:50 - Found project R class: com.example.commomadaptertest.R
17:57:23.367 [Worker-93] INFO  o.a.r.AndroidRClassFinder:44 - Found Android class: android.R
17:57:23.370 [Worker-93] INFO  o.a.p.ModelValidator:42 - Validating elements
17:57:23.370 [Worker-93] DEBUG o.a.p.ModelValidator:62 - Validating with EActivityHandler: [com.example.commomadapter.RecyclerViewActivity]
17:57:23.371 [Worker-93] DEBUG o.a.p.ModelValidator:62 - Validating with ItemClickHandler: [void onItemClick(int) ]
17:57:23.371 [Worker-93] INFO  o.a.p.ModelProcessor:74 - Processing root elements
17:57:23.372 [Worker-93] DEBUG o.a.p.ModelProcessor:176 - Processing root elements EActivityHandler: [com.example.commomadapter.RecyclerViewActivity]
17:57:23.379 [Worker-93] INFO  o.a.p.ModelProcessor:86 - Processing enclosed elements
17:57:23.380 [Worker-93] INFO  o.a.AndroidAnnotationProcessor:249 - Number of files generated by AndroidAnnotations: 1
17:57:23.380 [Worker-93] INFO  o.a.g.ApiCodeGenerator:52 - Writting following API classes in project: []
17:57:23.380 [Worker-93] DEBUG o.a.g.SourceCodewriter:55 - Generating class: com.example.commomadapter.RecyclerViewActivity_
17:57:23.385 [Worker-93] INFO  o.a.p.TimeStats:81 - Time measurements: [Whole Processing = 20 ms], [Process Annotations = 9 ms], [Generate Sources = 5 ms], [Find R Classes = 3 ms], [Extract Manifest = 1 ms], [Validate Annotations = 1 ms], [Extract Annotations = 0 ms], 
17:57:23.385 [Worker-93] INFO  o.a.AndroidAnnotationProcessor:121 - Finish processing
17:58:50.771 [Worker-93] INFO  o.a.AndroidAnnotationProcessor:83 - Initialize AndroidAnnotations 3.3.2 with options {phase=BUILD}
18:00:08.640 [Worker-108] INFO  o.a.AndroidAnnotationProcessor:83 - Initialize AndroidAnnotations 3.3.2 with options {phase=BUILD}
18:00:08.652 [Worker-108] INFO  o.a.AndroidAnnotationProcessor:107 - Start processing for 2 annotations on 2 elements
18:00:08.653 [Worker-108] DEBUG o.a.h.AndroidManifestFinder:137 - AndroidManifest.xml file found in parent folder D:\WorkSpace_Eclipse\CommomAdapterTest: D:\WorkSpace_Eclipse\CommomAdapterTest\AndroidManifest.xml
18:00:08.654 [Worker-108] WARN  o.a.h.AndroidManifestFinder:252 - A class activity declared in the AndroidManifest.xml cannot be found in the compile path: [com.example.commomadapter.ListActivity]
18:00:08.654 [Worker-108] INFO  o.a.AndroidAnnotationProcessor:170 - AndroidManifest.xml found: AndroidManifest [applicationPackage=com.example.commomadaptertest, componentQualifiedNames=[com.example.commomadapter.MainActivity, com.example.commomadapter.RecyclerViewActivity_, com.example.commomadapter.FeatureActivity], permissionQualifiedNames=[], applicationClassName=null, libraryProject=false, debugabble=false, minSdkVersion=14, maxSdkVersion=-1, targetSdkVersion=21]
18:00:08.654 [Worker-108] INFO  o.a.r.ProjectRClassFinder:50 - Found project R class: com.example.commomadaptertest.R
18:00:08.655 [Worker-108] INFO  o.a.r.AndroidRClassFinder:44 - Found Android class: android.R
18:00:08.658 [Worker-108] INFO  o.a.p.ModelValidator:42 - Validating elements
18:00:08.659 [Worker-108] DEBUG o.a.p.ModelValidator:62 - Validating with EActivityHandler: [com.example.commomadapter.RecyclerViewActivity]
18:00:08.659 [Worker-108] DEBUG o.a.p.ModelValidator:62 - Validating with ItemClickHandler: [void onItemClick(int) ]
18:00:08.660 [Worker-108] INFO  o.a.p.ModelProcessor:74 - Processing root elements
18:00:08.661 [Worker-108] DEBUG o.a.p.ModelProcessor:176 - Processing root elements EActivityHandler: [com.example.commomadapter.RecyclerViewActivity]
18:00:08.670 [Worker-108] INFO  o.a.p.ModelProcessor:86 - Processing enclosed elements
18:00:08.671 [Worker-108] INFO  o.a.AndroidAnnotationProcessor:249 - Number of files generated by AndroidAnnotations: 1
18:00:08.671 [Worker-108] INFO  o.a.g.ApiCodeGenerator:52 - Writting following API classes in project: []
18:00:08.671 [Worker-108] DEBUG o.a.g.SourceCodewriter:55 - Generating class: com.example.commomadapter.RecyclerViewActivity_
18:00:08.673 [Worker-108] INFO  o.a.p.TimeStats:81 - Time measurements: [Whole Processing = 21 ms], [Process Annotations = 11 ms], [Find R Classes = 4 ms], [Validate Annotations = 2 ms], [Generate Sources = 2 ms], [Extract Manifest = 1 ms], [Extract Annotations = 0 ms], 
18:00:08.673 [Worker-108] INFO  o.a.AndroidAnnotationProcessor:121 - Finish processing
18:00:53.154 [Worker-112] INFO  o.a.AndroidAnnotationProcessor:83 - Initialize AndroidAnnotations 3.3.2 with options {phase=BUILD}
18:00:53.156 [Worker-112] INFO  o.a.AndroidAnnotationProcessor:107 - Start processing for 2 annotations on 1 elements
18:00:53.157 [Worker-112] DEBUG o.a.h.AndroidManifestFinder:137 - AndroidManifest.xml file found in parent folder D:\WorkSpace_Eclipse\CommomAdapterTest: D:\WorkSpace_Eclipse\CommomAdapterTest\AndroidManifest.xml
18:00:53.159 [Worker-112] WARN  o.a.h.AndroidManifestFinder:252 - A class activity declared in the AndroidManifest.xml cannot be found in the compile path: [com.example.commomadapter.ListActivity]
18:00:53.160 [Worker-112] INFO  o.a.AndroidAnnotationProcessor:170 - AndroidManifest.xml found: AndroidManifest [applicationPackage=com.example.commomadaptertest, componentQualifiedNames=[com.example.commomadapter.MainActivity, com.example.commomadapter.RecyclerViewActivity_, com.example.commomadapter.FeatureActivity], permissionQualifiedNames=[], applicationClassName=null, libraryProject=false, debugabble=false, minSdkVersion=14, maxSdkVersion=-1, targetSdkVersion=21]
18:00:53.160 [Worker-112] INFO  o.a.r.ProjectRClassFinder:50 - Found project R class: com.example.commomadaptertest.R
18:00:53.161 [Worker-112] INFO  o.a.r.AndroidRClassFinder:44 - Found Android class: android.R
18:00:53.165 [Worker-112] INFO  o.a.p.ModelValidator:42 - Validating elements
18:00:53.165 [Worker-112] DEBUG o.a.p.ModelValidator:62 - Validating with EActivityHandler: [com.example.commomadapter.RecyclerViewActivity]
18:00:53.166 [Worker-112] DEBUG o.a.p.ModelValidator:62 - Validating with ItemClickHandler: [void onItemClick(int) ]
18:00:53.166 [Worker-112] INFO  o.a.p.ModelProcessor:74 - Processing root elements
18:00:53.166 [Worker-112] DEBUG o.a.p.ModelProcessor:176 - Processing root elements EActivityHandler: [com.example.commomadapter.RecyclerViewActivity]
18:00:53.176 [Worker-112] INFO  o.a.p.ModelProcessor:86 - Processing enclosed elements
18:00:53.177 [Worker-112] INFO  o.a.AndroidAnnotationProcessor:249 - Number of files generated by AndroidAnnotations: 1
18:00:53.177 [Worker-112] INFO  o.a.g.ApiCodeGenerator:52 - Writting following API classes in project: []
18:00:53.178 [Worker-112] DEBUG o.a.g.SourceCodewriter:55 - Generating class: com.example.commomadapter.RecyclerViewActivity_
18:00:53.180 [Worker-112] INFO  o.a.p.TimeStats:81 - Time measurements: [Whole Processing = 24 ms], [Process Annotations = 11 ms], [Find R Classes = 5 ms], [Extract Manifest = 3 ms], [Generate Sources = 3 ms], [Validate Annotations = 1 ms], [Extract Annotations = 0 ms], 
18:00:53.180 [Worker-112] INFO  o.a.AndroidAnnotationProcessor:121 - Finish processing
18:01:13.772 [Worker-110] INFO  o.a.AndroidAnnotationProcessor:83 - Initialize AndroidAnnotations 3.3.2 with options {phase=BUILD}
18:01:13.772 [Worker-110] INFO  o.a.AndroidAnnotationProcessor:107 - Start processing for 2 annotations on 1 elements
18:01:13.773 [Worker-110] DEBUG o.a.h.AndroidManifestFinder:137 - AndroidManifest.xml file found in parent folder D:\WorkSpace_Eclipse\CommomAdapterTest: D:\WorkSpace_Eclipse\CommomAdapterTest\AndroidManifest.xml
18:01:13.773 [Worker-110] WARN  o.a.h.AndroidManifestFinder:252 - A class activity declared in the AndroidManifest.xml cannot be found in the compile path: [com.example.commomadapter.ListActivity]
18:01:13.774 [Worker-110] INFO  o.a.AndroidAnnotationProcessor:170 - AndroidManifest.xml found: AndroidManifest [applicationPackage=com.example.commomadaptertest, componentQualifiedNames=[com.example.commomadapter.MainActivity, com.example.commomadapter.RecyclerViewActivity_, com.example.commomadapter.FeatureActivity], permissionQualifiedNames=[], applicationClassName=null, libraryProject=false, debugabble=false, minSdkVersion=14, maxSdkVersion=-1, targetSdkVersion=21]
18:01:13.774 [Worker-110] INFO  o.a.r.ProjectRClassFinder:50 - Found project R class: com.example.commomadaptertest.R
18:01:13.775 [Worker-110] INFO  o.a.r.AndroidRClassFinder:44 - Found Android class: android.R
18:01:13.778 [Worker-110] INFO  o.a.p.ModelValidator:42 - Validating elements
18:01:13.778 [Worker-110] DEBUG o.a.p.ModelValidator:62 - Validating with EActivityHandler: [com.example.commomadapter.RecyclerViewActivity]
18:01:13.778 [Worker-110] DEBUG o.a.p.ModelValidator:62 - Validating with ItemClickHandler: [void onItemClick(int) ]
18:01:13.779 [Worker-110] INFO  o.a.p.ModelProcessor:74 - Processing root elements
18:01:13.779 [Worker-110] DEBUG o.a.p.ModelProcessor:176 - Processing root elements EActivityHandler: [com.example.commomadapter.RecyclerViewActivity]
18:01:13.786 [Worker-110] INFO  o.a.p.ModelProcessor:86 - Processing enclosed elements
18:01:13.788 [Worker-110] INFO  o.a.AndroidAnnotationProcessor:249 - Number of files generated by AndroidAnnotations: 1
18:01:13.788 [Worker-110] INFO  o.a.g.ApiCodeGenerator:52 - Writting following API classes in project: []
18:01:13.788 [Worker-110] DEBUG o.a.g.SourceCodewriter:55 - Generating class: com.example.commomadapter.RecyclerViewActivity_
18:01:13.790 [Worker-110] INFO  o.a.p.TimeStats:81 - Time measurements: [Whole Processing = 17 ms], [Process Annotations = 9 ms], [Find R Classes = 3 ms], [Extract Manifest = 1 ms], [Validate Annotations = 1 ms], [Generate Sources = 1 ms], [Extract Annotations = 0 ms], 
18:01:13.790 [Worker-110] INFO  o.a.AndroidAnnotationProcessor:121 - Finish processing
18:01:48.697 [Worker-108] INFO  o.a.AndroidAnnotationProcessor:83 - Initialize AndroidAnnotations 3.3.2 with options {phase=BUILD}
18:01:48.698 [Worker-108] INFO  o.a.AndroidAnnotationProcessor:107 - Start processing for 1 annotations on 1 elements
18:01:48.699 [Worker-108] DEBUG o.a.h.AndroidManifestFinder:137 - AndroidManifest.xml file found in parent folder D:\WorkSpace_Eclipse\CommomAdapterTest: D:\WorkSpace_Eclipse\CommomAdapterTest\AndroidManifest.xml
18:01:48.699 [Worker-108] WARN  o.a.h.AndroidManifestFinder:252 - A class activity declared in the AndroidManifest.xml cannot be found in the compile path: [com.example.commomadapter.ListActivity]
18:01:48.700 [Worker-108] INFO  o.a.AndroidAnnotationProcessor:170 - AndroidManifest.xml found: AndroidManifest [applicationPackage=com.example.commomadaptertest, componentQualifiedNames=[com.example.commomadapter.MainActivity, com.example.commomadapter.RecyclerViewActivity_, com.example.commomadapter.FeatureActivity], permissionQualifiedNames=[], applicationClassName=null, libraryProject=false, debugabble=false, minSdkVersion=14, maxSdkVersion=-1, targetSdkVersion=21]
18:01:48.700 [Worker-108] INFO  o.a.r.ProjectRClassFinder:50 - Found project R class: com.example.commomadaptertest.R
18:01:48.702 [Worker-108] INFO  o.a.r.AndroidRClassFinder:44 - Found Android class: android.R
18:01:48.706 [Worker-108] INFO  o.a.p.ModelValidator:42 - Validating elements
18:01:48.706 [Worker-108] DEBUG o.a.p.ModelValidator:62 - Validating with EActivityHandler: [com.example.commomadapter.RecyclerViewActivity]
18:01:48.707 [Worker-108] INFO  o.a.p.ModelProcessor:74 - Processing root elements
18:01:48.707 [Worker-108] DEBUG o.a.p.ModelProcessor:176 - Processing root elements EActivityHandler: [com.example.commomadapter.RecyclerViewActivity]
18:01:48.719 [Worker-108] INFO  o.a.p.ModelProcessor:86 - Processing enclosed elements
18:01:48.720 [Worker-108] INFO  o.a.AndroidAnnotationProcessor:249 - Number of files generated by AndroidAnnotations: 1
18:01:48.720 [Worker-108] INFO  o.a.g.ApiCodeGenerator:52 - Writting following API classes in project: []
18:01:48.720 [Worker-108] DEBUG o.a.g.SourceCodewriter:55 - Generating class: com.example.commomadapter.RecyclerViewActivity_
18:01:48.731 [Worker-108] INFO  o.a.p.TimeStats:81 - Time measurements: [Whole Processing = 33 ms], [Process Annotations = 13 ms], [Generate Sources = 11 ms], [Find R Classes = 6 ms], [Extract Annotations = 1 ms], [Extract Manifest = 1 ms], [Validate Annotations = 1 ms], 
18:01:48.731 [Worker-108] INFO  o.a.AndroidAnnotationProcessor:121 - Finish processing
18:02:49.747 [Worker-110] INFO  o.a.AndroidAnnotationProcessor:83 - Initialize AndroidAnnotations 3.3.2 with options {phase=BUILD}
18:02:49.748 [Worker-110] INFO  o.a.AndroidAnnotationProcessor:107 - Start processing for 2 annotations on 1 elements
18:02:49.749 [Worker-110] DEBUG o.a.h.AndroidManifestFinder:137 - AndroidManifest.xml file found in parent folder D:\WorkSpace_Eclipse\CommomAdapterTest: D:\WorkSpace_Eclipse\CommomAdapterTest\AndroidManifest.xml
18:02:49.750 [Worker-110] WARN  o.a.h.AndroidManifestFinder:252 - A class activity declared in the AndroidManifest.xml cannot be found in the compile path: [com.example.commomadapter.ListActivity]
18:02:49.750 [Worker-110] INFO  o.a.AndroidAnnotationProcessor:170 - AndroidManifest.xml found: AndroidManifest [applicationPackage=com.example.commomadaptertest, componentQualifiedNames=[com.example.commomadapter.MainActivity, com.example.commomadapter.RecyclerViewActivity_, com.example.commomadapter.FeatureActivity], permissionQualifiedNames=[], applicationClassName=null, libraryProject=false, debugabble=false, minSdkVersion=14, maxSdkVersion=-1, targetSdkVersion=21]
18:02:49.751 [Worker-110] INFO  o.a.r.ProjectRClassFinder:50 - Found project R class: com.example.commomadaptertest.R
18:02:49.752 [Worker-110] INFO  o.a.r.AndroidRClassFinder:44 - Found Android class: android.R
18:02:49.756 [Worker-110] INFO  o.a.p.ModelValidator:42 - Validating elements
18:02:49.757 [Worker-110] DEBUG o.a.p.ModelValidator:62 - Validating with EActivityHandler: [com.example.commomadapter.RecyclerViewActivity]
18:02:49.758 [Worker-110] DEBUG o.a.p.ModelValidator:62 - Validating with ItemClickHandler: [void onItemClick(int) ]
18:02:49.759 [Worker-110] INFO  o.a.p.ModelProcessor:74 - Processing root elements
18:02:49.759 [Worker-110] DEBUG o.a.p.ModelProcessor:176 - Processing root elements EActivityHandler: [com.example.commomadapter.RecyclerViewActivity]
18:02:49.771 [Worker-110] INFO  o.a.p.ModelProcessor:86 - Processing enclosed elements
18:02:49.771 [Worker-110] INFO  o.a.AndroidAnnotationProcessor:249 - Number of files generated by AndroidAnnotations: 1
18:02:49.771 [Worker-110] INFO  o.a.g.ApiCodeGenerator:52 - Writting following API classes in project: []
18:02:49.772 [Worker-110] DEBUG o.a.g.SourceCodewriter:55 - Generating class: com.example.commomadapter.RecyclerViewActivity_
18:02:49.776 [Worker-110] INFO  o.a.p.TimeStats:81 - Time measurements: [Whole Processing = 28 ms], [Process Annotations = 12 ms], [Find R Classes = 5 ms], [Generate Sources = 5 ms], [Validate Annotations = 3 ms], [Extract Manifest = 1 ms], [Extract Annotations = 0 ms], 
18:02:49.776 [Worker-110] INFO  o.a.AndroidAnnotationProcessor:121 - Finish processing
18:03:26.758 [Worker-113] INFO  o.a.AndroidAnnotationProcessor:83 - Initialize AndroidAnnotations 3.3.2 with options {phase=BUILD}
18:04:06.623 [Worker-110] INFO  o.a.AndroidAnnotationProcessor:83 - Initialize AndroidAnnotations 3.3.2 with options {phase=BUILD}
18:04:06.625 [Worker-110] INFO  o.a.AndroidAnnotationProcessor:107 - Start processing for 1 annotations on 1 elements
18:04:06.626 [Worker-110] DEBUG o.a.h.AndroidManifestFinder:137 - AndroidManifest.xml file found in parent folder D:\WorkSpace_Eclipse\CommomAdapterTest: D:\WorkSpace_Eclipse\CommomAdapterTest\AndroidManifest.xml
18:04:06.627 [Worker-110] WARN  o.a.h.AndroidManifestFinder:252 - A class activity declared in the AndroidManifest.xml cannot be found in the compile path: [com.example.commomadapter.ListActivity]
18:04:06.628 [Worker-110] INFO  o.a.AndroidAnnotationProcessor:170 - AndroidManifest.xml found: AndroidManifest [applicationPackage=com.example.commomadaptertest, componentQualifiedNames=[com.example.commomadapter.MainActivity, com.example.commomadapter.RecyclerViewActivity_, com.example.commomadapter.FeatureActivity], permissionQualifiedNames=[], applicationClassName=null, libraryProject=false, debugabble=false, minSdkVersion=14, maxSdkVersion=-1, targetSdkVersion=21]
18:04:06.629 [Worker-110] INFO  o.a.r.ProjectRClassFinder:50 - Found project R class: com.example.commomadaptertest.R
18:04:06.630 [Worker-110] INFO  o.a.r.AndroidRClassFinder:44 - Found Android class: android.R
18:04:06.633 [Worker-110] INFO  o.a.p.ModelValidator:42 - Validating elements
18:04:06.634 [Worker-110] DEBUG o.a.p.ModelValidator:62 - Validating with EActivityHandler: [com.example.commomadapter.RecyclerViewActivity]
18:04:06.634 [Worker-110] INFO  o.a.p.ModelProcessor:74 - Processing root elements
18:04:06.634 [Worker-110] DEBUG o.a.p.ModelProcessor:176 - Processing root elements EActivityHandler: [com.example.commomadapter.RecyclerViewActivity]
18:04:06.644 [Worker-110] INFO  o.a.p.ModelProcessor:86 - Processing enclosed elements
18:04:06.644 [Worker-110] INFO  o.a.AndroidAnnotationProcessor:249 - Number of files generated by AndroidAnnotations: 1
18:04:06.645 [Worker-110] INFO  o.a.g.ApiCodeGenerator:52 - Writting following API classes in project: []
18:04:06.645 [Worker-110] DEBUG o.a.g.SourceCodewriter:55 - Generating class: com.example.commomadapter.RecyclerViewActivity_
18:04:06.666 [Worker-110] INFO  o.a.p.TimeStats:81 - Time measurements: [Whole Processing = 41 ms], [Generate Sources = 22 ms], [Process Annotations = 10 ms], [Find R Classes = 4 ms], [Extract Manifest = 3 ms], [Validate Annotations = 1 ms], [Extract Annotations = 0 ms], 
18:04:06.666 [Worker-110] INFO  o.a.AndroidAnnotationProcessor:121 - Finish processing
18:04:46.500 [Worker-112] INFO  o.a.AndroidAnnotationProcessor:83 - Initialize AndroidAnnotations 3.3.2 with options {phase=BUILD}
18:04:46.506 [Worker-112] INFO  o.a.AndroidAnnotationProcessor:107 - Start processing for 1 annotations on 1 elements
18:04:46.506 [Worker-112] DEBUG o.a.h.AndroidManifestFinder:137 - AndroidManifest.xml file found in parent folder D:\WorkSpace_Eclipse\CommomAdapterTest: D:\WorkSpace_Eclipse\CommomAdapterTest\AndroidManifest.xml
18:04:46.507 [Worker-112] WARN  o.a.h.AndroidManifestFinder:252 - A class activity declared in the AndroidManifest.xml cannot be found in the compile path: [com.example.commomadapter.ListActivity]
18:04:46.507 [Worker-112] INFO  o.a.AndroidAnnotationProcessor:170 - AndroidManifest.xml found: AndroidManifest [applicationPackage=com.example.commomadaptertest, componentQualifiedNames=[com.example.commomadapter.MainActivity, com.example.commomadapter.RecyclerViewActivity_, com.example.commomadapter.FeatureActivity], permissionQualifiedNames=[], applicationClassName=null, libraryProject=false, debugabble=false, minSdkVersion=14, maxSdkVersion=-1, targetSdkVersion=21]
18:04:46.508 [Worker-112] INFO  o.a.r.ProjectRClassFinder:50 - Found project R class: com.example.commomadaptertest.R
18:04:46.509 [Worker-112] INFO  o.a.r.AndroidRClassFinder:44 - Found Android class: android.R
18:04:46.512 [Worker-112] INFO  o.a.p.ModelValidator:42 - Validating elements
18:04:46.513 [Worker-112] DEBUG o.a.p.ModelValidator:62 - Validating with EActivityHandler: [com.example.commomadapter.RecyclerViewActivity]
18:04:46.513 [Worker-112] INFO  o.a.p.ModelProcessor:74 - Processing root elements
18:04:46.513 [Worker-112] DEBUG o.a.p.ModelProcessor:176 - Processing root elements EActivityHandler: [com.example.commomadapter.RecyclerViewActivity]
18:04:46.523 [Worker-112] INFO  o.a.p.ModelProcessor:86 - Processing enclosed elements
18:04:46.524 [Worker-112] INFO  o.a.AndroidAnnotationProcessor:249 - Number of files generated by AndroidAnnotations: 1
18:04:46.524 [Worker-112] INFO  o.a.g.ApiCodeGenerator:52 - Writting following API classes in project: []
18:04:46.524 [Worker-112] DEBUG o.a.g.SourceCodewriter:55 - Generating class: com.example.commomadapter.RecyclerViewActivity_
18:04:46.526 [Worker-112] INFO  o.a.p.TimeStats:81 - Time measurements: [Whole Processing = 20 ms], [Process Annotations = 11 ms], [Find R Classes = 4 ms], [Generate Sources = 2 ms], [Extract Manifest = 1 ms], [Validate Annotations = 1 ms], [Extract Annotations = 0 ms], 
18:04:46.526 [Worker-112] INFO  o.a.AndroidAnnotationProcessor:121 - Finish processing
18:05:18.376 [Worker-108] INFO  o.a.AndroidAnnotationProcessor:83 - Initialize AndroidAnnotations 3.3.2 with options {phase=BUILD}
18:05:31.745 [Worker-114] INFO  o.a.AndroidAnnotationProcessor:83 - Initialize AndroidAnnotations 3.3.2 with options {phase=BUILD}
